Arguments: 
  /home/bogdan/.nvm/versions/node/v8.7.0/bin/node /usr/share/yarn/bin/yarn.js build

PATH: 
  /home/bogdan/.nvm/versions/node/v8.7.0/bin:/usr/local/bin:/usr/bin:/usr/local/sbin:/usr/sbin:/home/bogdan/.local/bin:/home/bogdan/bin

Yarn version: 
  1.3.2

Node version: 
  8.7.0

Platform: 
  linux x64

npm manifest: 
  {
    "name": "docker_web_app",
    "version": "1.0.0",
    "description": "Node.js on Docker",
    "author": "First Last <first.last@example.com>",
    "main": "server.js",
    "scripts": {
      "build": "echo "test" > public_dir/index.html",
      "start": "node server.js"
    },
    "dependencies": {
      "express": "*",
      "aws-sdk": "*",
      "body-parser": "*",
      "ejs": "*",
      "lerna": "*", 
      "aws-param-store": "*"
    }
  }

yarn manifest: 
  No manifest

Lockfile: 
  No lockfile

Trace: 
  SyntaxError: /home/bogdan/aws-nodeapp/package.json: Unexpected token t in JSON at position 199
      at JSON.parse (<anonymous>)
      at /usr/share/yarn/lib/cli.js:770:59
      at Generator.next (<anonymous>)
      at step (/usr/share/yarn/lib/cli.js:92:30)
      at /usr/share/yarn/lib/cli.js:103:13
      at <anonymous>
